<?xml version="1.0" encoding="UTF-8"?>
<!-- Generated by org.testng.reporters.JUnitReportReporter -->
<testsuite hostname="DESKTOP-IC2J1DS" name="Academy.ValidateTitle" tests="1" failures="0" timestamp="17 Jul 2019 05:23:28 GMT" time="6.487" errors="0">
  <testcase name="basePageNavigaton" time="6.487" classname="Academy.ValidateTitle"/>
</testsuite> <!-- Academy.ValidateTitle -->
