<?xml version="1.0" encoding="UTF-8"?>
<!-- Generated by org.testng.reporters.JUnitReportReporter -->
<testsuite hostname="DESKTOP-IC2J1DS" name="Academy.HomePage" tests="2" failures="0" timestamp="27 May 2019 07:38:25 GMT" time="18.227" errors="0">
  <testcase name="basePageNavigaton" time="6.263" classname="Academy.HomePage"/>
  <testcase name="basePageNavigaton" time="11.964" classname="Academy.HomePage"/>
</testsuite> <!-- Academy.HomePage -->
