<?xml version="1.0" encoding="UTF-8"?>
<!-- Generated by org.testng.reporters.JUnitReportReporter -->
<testsuite hostname="DESKTOP-IC2J1DS" name="Academy.ValidateNavigationBar" tests="1" failures="0" timestamp="27 May 2019 07:38:25 GMT" time="7.360" errors="0">
  <testcase name="basePageNavigaton" time="7.360" classname="Academy.ValidateNavigationBar"/>
</testsuite> <!-- Academy.ValidateNavigationBar -->
