<?xml version="1.0" encoding="UTF-8"?>
<!-- Generated by org.testng.reporters.JUnitReportReporter -->
<testsuite hostname="DESKTOP-IC2J1DS" name="Academy.ValidateNavigationBar" tests="1" failures="0" timestamp="27 May 2019 08:21:20 GMT" time="8.945" errors="0">
  <testcase name="basePageNavigaton" time="8.945" classname="Academy.ValidateNavigationBar"/>
</testsuite> <!-- Academy.ValidateNavigationBar -->
