<?xml version="1.0" encoding="UTF-8"?>
<!-- Generated by org.testng.reporters.JUnitReportReporter -->
<testsuite hostname="DESKTOP-IC2J1DS" name="Academy.HomePage" tests="2" failures="0" timestamp="27 May 2019 08:21:20 GMT" time="20.420" errors="0">
  <testcase name="basePageNavigaton" time="6.556" classname="Academy.HomePage"/>
  <testcase name="basePageNavigaton" time="13.864" classname="Academy.HomePage"/>
</testsuite> <!-- Academy.HomePage -->
